{
  "RSpec": {
    "coverage": {
      "/Users/nhunguyen/Documents/Ruby/mastermind/lib/mastermind/code.rb": [
        1,
        1,
        null,
        1,
        1,
        null,
        1,
        1,
        null,
        1,
        1,
        68,
        null,
        null,
        1,
        35,
        35,
        35,
        35,
        null,
        null,
        1,
        70,
        70,
        70,
        230,
        null,
        70,
        null,
        null,
        1,
        35,
        35,
        null,
        35,
        35,
        39,
        39,
        39,
        null,
        null,
        35,
        null,
        null,
        1,
        43,
        null,
        null,
        1,
        3,
        null,
        null,
        null
      ],
      "/Users/nhunguyen/Documents/Ruby/mastermind/lib/mastermind/code_factory.rb": [
        1,
        null,
        1,
        null,
        1,
        null,
        1,
        12,
        12,
        36,
        null,
        null,
        12,
        null,
        null,
        1,
        33,
        null,
        null,
        null,
        null,
        null
      ],
      "/Users/nhunguyen/Documents/Ruby/mastermind/lib/mastermind/codeparser.rb": [
        1,
        null,
        1,
        1,
        4,
        null,
        4,
        10,
        null,
        null,
        4,
        null,
        null,
        null,
        null
      ],
      "/Users/nhunguyen/Documents/Ruby/mastermind/lib/mastermind/content.rb": [
        1,
        1,
        null,
        1,
        1,
        null,
        null,
        null,
        null,
        null,
        null,
        null,
        1,
        0,
        null,
        null,
        null,
        null,
        null,
        null,
        null,
        null,
        null,
        null,
        null,
        null,
        null,
        null,
        null,
        1,
        1,
        null,
        null,
        1,
        1,
        null,
        null,
        1,
        1,
        null,
        null,
        1,
        0,
        null,
        null,
        1,
        1,
        null,
        null,
        1,
        1,
        null,
        null,
        1,
        0,
        null,
        null,
        null,
        null
      ],
      "/Users/nhunguyen/Documents/Ruby/mastermind/lib/mastermind/controller.rb": [
        1,
        1,
        1,
        1,
        1,
        1,
        null,
        1,
        null,
        1,
        null,
        1,
        9,
        9,
        9,
        9,
        9,
        9,
        null,
        null,
        1,
        0,
        null,
        0,
        0,
        0,
        0,
        null,
        0,
        0,
        null,
        0,
        0,
        0,
        null,
        0,
        null,
        null,
        null,
        0,
        null,
        null,
        1,
        1,
        1,
        1,
        null,
        null,
        null,
        1,
        4,
        null,
        null,
        1,
        2,
        1,
        1,
        null,
        1,
        null,
        null,
        null,
        1,
        2,
        1,
        null,
        1,
        null,
        2,
        null,
        null,
        null,
        null,
        null
      ],
      "/Users/nhunguyen/Documents/Ruby/mastermind/lib/mastermind/game.rb": [
        1,
        1,
        1,
        null,
        1,
        1,
        1,
        null,
        1,
        12,
        12,
        12,
        null,
        12,
        null,
        null,
        1,
        13,
        13,
        13,
        null,
        null,
        1,
        24,
        24,
        20,
        20,
        20,
        null,
        24,
        null,
        null,
        1,
        24,
        null,
        null,
        1,
        26,
        25,
        null,
        22,
        null,
        null,
        1,
        29,
        null,
        null,
        null
      ],
      "/Users/nhunguyen/Documents/Ruby/mastermind/lib/mastermind/game_properties.rb": [
        1,
        1
      ],
      "/Users/nhunguyen/Documents/Ruby/mastermind/lib/mastermind/resultconverter.rb": [
        1,
        null,
        1,
        1,
        5,
        5,
        null,
        5,
        10,
        10,
        12,
        12,
        null,
        null,
        10,
        null,
        null,
        5,
        null,
        5,
        null,
        null,
        null,
        null
      ]
    },
    "timestamp": 1367362582
  }
}
