{
  "RSpec": {
    "coverage": {
      "/Users/nhunguyen/Documents/Ruby/mastermind/lib/mastermind/code.rb": [
        1,
        1,
        null,
        1,
        1,
        null,
        1,
        1,
        null,
        1,
        1,
        78,
        null,
        null,
        1,
        35,
        35,
        35,
        35,
        null,
        null,
        1,
        70,
        70,
        70,
        234,
        null,
        70,
        null,
        null,
        1,
        35,
        35,
        null,
        35,
        35,
        34,
        34,
        34,
        null,
        null,
        35,
        null,
        null,
        1,
        35,
        null,
        null,
        1,
        3,
        null,
        null,
        1,
        69,
        null,
        null,
        null
      ],
      "/Users/nhunguyen/Documents/Ruby/mastermind/lib/mastermind/code_factory.rb": [
        1,
        null,
        1,
        null,
        1,
        null,
        1,
        14,
        14,
        42,
        null,
        null,
        14,
        null,
        null,
        1,
        39,
        null,
        null,
        null,
        null,
        null
      ],
      "/Users/nhunguyen/Documents/Ruby/mastermind/lib/mastermind/code_parser.rb": [
        1,
        null,
        1,
        1,
        4,
        null,
        4,
        10,
        null,
        null,
        4,
        null,
        null,
        null,
        null
      ],
      "/Users/nhunguyen/Documents/Ruby/mastermind/lib/mastermind/content.rb": [
        1,
        1,
        null,
        1,
        1,
        null,
        null,
        null,
        null,
        null,
        null,
        null,
        1,
        0,
        null,
        null,
        null,
        null,
        null,
        null,
        null,
        null,
        null,
        null,
        null,
        null,
        null,
        null,
        null,
        1,
        1,
        null,
        null,
        1,
        1,
        null,
        null,
        1,
        1,
        null,
        null,
        1,
        0,
        null,
        null,
        1,
        1,
        null,
        null,
        1,
        1,
        null,
        null,
        1,
        0,
        null,
        null,
        null,
        null
      ],
      "/Users/nhunguyen/Documents/Ruby/mastermind/lib/mastermind/controller.rb": [
        1,
        1,
        1,
        1,
        1,
        1,
        null,
        1,
        null,
        1,
        null,
        1,
        null,
        1,
        13,
        13,
        13,
        13,
        13,
        13,
        null,
        null,
        1,
        3,
        null,
        8,
        2,
        2,
        null,
        2,
        2,
        null,
        2,
        1,
        null,
        1,
        null,
        null,
        null,
        3,
        null,
        null,
        1,
        2,
        2,
        1,
        null,
        1,
        1,
        1,
        null,
        null,
        null,
        1,
        1,
        1,
        1,
        null,
        null,
        1,
        5,
        null,
        null,
        1,
        2,
        1,
        null,
        1,
        null,
        2,
        null,
        null,
        null,
        null,
        null
      ],
      "/Users/nhunguyen/Documents/Ruby/mastermind/lib/mastermind/game.rb": [
        1,
        1,
        1,
        null,
        1,
        1,
        1,
        null,
        1,
        14,
        14,
        14,
        null,
        14,
        null,
        null,
        1,
        15,
        15,
        15,
        null,
        null,
        1,
        25,
        25,
        21,
        21,
        21,
        null,
        25,
        null,
        null,
        1,
        24,
        null,
        null,
        1,
        27,
        26,
        null,
        23,
        null,
        null,
        1,
        30,
        null,
        null,
        null
      ],
      "/Users/nhunguyen/Documents/Ruby/mastermind/lib/mastermind/game_properties.rb": [
        1,
        1
      ],
      "/Users/nhunguyen/Documents/Ruby/mastermind/lib/mastermind/result_converter.rb": [
        1,
        null,
        1,
        1,
        5,
        5,
        null,
        5,
        10,
        10,
        12,
        12,
        null,
        null,
        10,
        null,
        null,
        5,
        null,
        5,
        null,
        null,
        null,
        null
      ]
    },
    "timestamp": 1367591513
  }
}
